[2026-01-31 16:57:10] === Episodic Backup Start ===
[2026-01-31 16:57:10] Brain: 329 markdown files synced
[2026-01-31 16:57:10] Knowledge: 163 artifact files synced
[2026-01-31 16:57:10] Total backup size: 5.0M
[2026-01-31 16:57:10] === Episodic Backup Complete ===
[2026-01-31 17:00:01] === Episodic Backup Start ===
[2026-01-31 17:00:01] Brain: 330 markdown files synced
[2026-01-31 17:00:01] Knowledge: 165 artifact files synced
[2026-01-31 17:00:01] Total backup size: 5.1M
[2026-01-31 17:00:01] === Episodic Backup Complete ===
[2026-01-31 18:00:01] === Episodic Backup Start ===
[2026-01-31 18:00:01] Brain: 330 markdown files synced
[2026-01-31 18:00:01] Knowledge: 165 artifact files synced
[2026-01-31 18:00:01] Total backup size: 5.0M
[2026-01-31 18:00:01] === Episodic Backup Complete ===
[2026-01-31 19:00:01] === Episodic Backup Start ===
[2026-01-31 19:00:01] Brain: 330 markdown files synced
[2026-01-31 19:00:01] Knowledge: 165 artifact files synced
[2026-01-31 19:00:01] Total backup size: 5.0M
[2026-01-31 19:00:01] === Episodic Backup Complete ===
[2026-01-31 20:00:01] === Episodic Backup Start ===
[2026-01-31 20:00:01] Brain: 330 markdown files synced
[2026-01-31 20:00:01] Knowledge: 165 artifact files synced
[2026-01-31 20:00:01] Total backup size: 5.0M
[2026-01-31 20:00:01] === Episodic Backup Complete ===
[2026-01-31 21:00:01] === Episodic Backup Start ===
[2026-01-31 21:00:01] Brain: 330 markdown files synced
[2026-01-31 21:00:01] Knowledge: 165 artifact files synced
[2026-01-31 21:00:01] Total backup size: 5.0M
[2026-01-31 21:00:01] === Episodic Backup Complete ===
[2026-01-31 22:00:01] === Episodic Backup Start ===
[2026-01-31 22:00:01] Brain: 330 markdown files synced
[2026-01-31 22:00:01] Knowledge: 165 artifact files synced
[2026-01-31 22:00:01] Total backup size: 5.0M
[2026-01-31 22:00:01] === Episodic Backup Complete ===
[2026-01-31 23:00:01] === Episodic Backup Start ===
[2026-01-31 23:00:01] Brain: 330 markdown files synced
[2026-01-31 23:00:01] Knowledge: 165 artifact files synced
[2026-01-31 23:00:01] Total backup size: 5.0M
[2026-01-31 23:00:01] === Episodic Backup Complete ===
[2026-02-01 00:00:01] === Episodic Backup Start ===
[2026-02-01 00:00:01] Brain: 330 markdown files synced
[2026-02-01 00:00:01] Knowledge: 165 artifact files synced
[2026-02-01 00:00:01] Total backup size: 5.0M
[2026-02-01 00:00:01] === Episodic Backup Complete ===
[2026-02-01 01:00:01] === Episodic Backup Start ===
[2026-02-01 01:00:02] Brain: 332 markdown files synced
[2026-02-01 01:00:02] Knowledge: 165 artifact files synced
[2026-02-01 01:00:02] Total backup size: 5.0M
[2026-02-01 01:00:02] === Episodic Backup Complete ===
[2026-02-01 09:00:01] === Episodic Backup Start ===
[2026-02-01 09:00:01] Brain: 332 markdown files synced
[2026-02-01 09:00:01] Knowledge: 168 artifact files synced
[2026-02-01 09:00:01] Total backup size: 5.0M
[2026-02-01 09:00:01] === Episodic Backup Complete ===
[2026-02-01 10:00:01] === Episodic Backup Start ===
[2026-02-01 10:00:01] Brain: 330 markdown files synced
[2026-02-01 10:00:01] Knowledge: 173 artifact files synced
[2026-02-01 10:00:01] Total backup size: 5.1M
[2026-02-01 10:00:01] === Episodic Backup Complete ===
[2026-02-01 11:00:01] === Episodic Backup Start ===
[2026-02-01 11:00:01] Brain: 331 markdown files synced
[2026-02-01 11:00:01] Knowledge: 150 artifact files synced
[2026-02-01 11:00:01] Total backup size: 4.9M
[2026-02-01 11:00:01] === Episodic Backup Complete ===
[2026-02-01 12:00:01] === Episodic Backup Start ===
[2026-02-01 12:00:02] Brain: 333 markdown files synced
[2026-02-01 12:00:02] Knowledge: 160 artifact files synced
[2026-02-01 12:00:02] Total backup size: 5.0M
[2026-02-01 12:00:02] === Episodic Backup Complete ===
[2026-02-01 13:00:01] === Episodic Backup Start ===
[2026-02-01 13:00:01] Brain: 323 markdown files synced
[2026-02-01 13:00:01] Knowledge: 180 artifact files synced
[2026-02-01 13:00:01] Total backup size: 5.1M
[2026-02-01 13:00:01] === Episodic Backup Complete ===
[2026-02-01 14:00:01] === Episodic Backup Start ===
[2026-02-01 14:00:01] Brain: 326 markdown files synced
[2026-02-01 14:00:01] Knowledge: 201 artifact files synced
[2026-02-01 14:00:01] Total backup size: 5.2M
[2026-02-01 14:00:01] === Episodic Backup Complete ===
[2026-02-01 15:00:01] === Episodic Backup Start ===
[2026-02-01 15:00:01] Brain: 322 markdown files synced
[2026-02-01 15:00:01] Knowledge: 212 artifact files synced
[2026-02-01 15:00:01] Total backup size: 5.2M
[2026-02-01 15:00:01] === Episodic Backup Complete ===
[2026-02-01 16:00:01] === Episodic Backup Start ===
[2026-02-01 16:00:01] Brain: 321 markdown files synced
[2026-02-01 16:00:01] Knowledge: 212 artifact files synced
[2026-02-01 16:00:01] Total backup size: 5.2M
[2026-02-01 16:00:01] === Episodic Backup Complete ===
[2026-02-01 17:00:01] === Episodic Backup Start ===
[2026-02-01 17:00:01] Brain: 327 markdown files synced
[2026-02-01 17:00:01] Knowledge: 221 artifact files synced
[2026-02-01 17:00:01] Total backup size: 5.3M
[2026-02-01 17:00:01] === Episodic Backup Complete ===
[2026-02-01 18:00:01] === Episodic Backup Start ===
[2026-02-01 18:00:01] Brain: 327 markdown files synced
[2026-02-01 18:00:01] Knowledge: 221 artifact files synced
[2026-02-01 18:00:01] Total backup size: 5.3M
[2026-02-01 18:00:01] === Episodic Backup Complete ===
[2026-02-01 19:00:01] === Episodic Backup Start ===
[2026-02-01 19:00:01] Brain: 327 markdown files synced
[2026-02-01 19:00:02] Knowledge: 219 artifact files synced
[2026-02-01 19:00:02] Total backup size: 5.3M
[2026-02-01 19:00:02] === Episodic Backup Complete ===
[2026-02-01 20:00:01] === Episodic Backup Start ===
[2026-02-01 20:00:01] Brain: 327 markdown files synced
[2026-02-01 20:00:01] Knowledge: 224 artifact files synced
[2026-02-01 20:00:01] Total backup size: 5.3M
[2026-02-01 20:00:01] === Episodic Backup Complete ===
[2026-02-01 21:00:01] === Episodic Backup Start ===
[2026-02-01 21:00:01] Brain: 327 markdown files synced
[2026-02-01 21:00:01] Knowledge: 226 artifact files synced
[2026-02-01 21:00:01] Total backup size: 5.3M
[2026-02-01 21:00:01] === Episodic Backup Complete ===
[2026-02-01 22:00:01] === Episodic Backup Start ===
[2026-02-01 22:00:02] Brain: 327 markdown files synced
[2026-02-01 22:00:02] Knowledge: 228 artifact files synced
[2026-02-01 22:00:02] Total backup size: 5.3M
[2026-02-01 22:00:02] === Episodic Backup Complete ===
[2026-02-01 23:00:01] === Episodic Backup Start ===
[2026-02-01 23:00:01] Brain: 327 markdown files synced
[2026-02-01 23:00:01] Knowledge: 228 artifact files synced
[2026-02-01 23:00:01] Total backup size: 5.3M
[2026-02-01 23:00:01] === Episodic Backup Complete ===
[2026-02-02 00:00:01] === Episodic Backup Start ===
[2026-02-02 00:00:01] Brain: 327 markdown files synced
[2026-02-02 00:00:02] Knowledge: 228 artifact files synced
[2026-02-02 00:00:02] Total backup size: 5.3M
[2026-02-02 00:00:02] === Episodic Backup Complete ===
[2026-02-02 01:00:01] === Episodic Backup Start ===
[2026-02-02 01:00:01] Brain: 327 markdown files synced
[2026-02-02 01:00:01] Knowledge: 228 artifact files synced
[2026-02-02 01:00:01] Total backup size: 5.3M
[2026-02-02 01:00:01] === Episodic Backup Complete ===
[2026-02-02 02:00:01] === Episodic Backup Start ===
[2026-02-02 02:00:01] Brain: 327 markdown files synced
[2026-02-02 02:00:01] Knowledge: 228 artifact files synced
[2026-02-02 02:00:01] Total backup size: 5.3M
[2026-02-02 02:00:01] === Episodic Backup Complete ===
[2026-02-02 03:00:01] === Episodic Backup Start ===
[2026-02-02 03:00:01] Brain: 327 markdown files synced
[2026-02-02 03:00:01] Knowledge: 228 artifact files synced
[2026-02-02 03:00:01] Total backup size: 5.3M
[2026-02-02 03:00:01] === Episodic Backup Complete ===
[2026-02-02 04:00:01] === Episodic Backup Start ===
[2026-02-02 04:00:01] Brain: 327 markdown files synced
[2026-02-02 04:00:01] Knowledge: 228 artifact files synced
[2026-02-02 04:00:01] Total backup size: 5.3M
[2026-02-02 04:00:01] === Episodic Backup Complete ===
[2026-02-02 05:00:01] === Episodic Backup Start ===
[2026-02-02 05:00:01] Brain: 327 markdown files synced
[2026-02-02 05:00:01] Knowledge: 228 artifact files synced
[2026-02-02 05:0[2026-02-02 22:00:01] === Episodic Backup Start ===
[2026-02-02 22:00:01] Brain: 327 markdown files synced
[2026-02-02 22:00:01] Knowledge: 228 artifact files synced
[2026-02-02 22:00:01] Total backup size: 5.3M
[2026-02-02 22:00:01] === Episodic Backup Complete ===
